
 2018-12-10 21:51:19 INFO  - Reading parms.txt file
 2018-12-10 21:51:19 INFO  - Successfully ping'd NAS
 2018-12-10 21:51:19 INFO  - --------------------
 2018-12-10 21:53:15 INFO  - --------------------
 2018-12-10 21:53:15 INFO  - Starting up.
 2018-12-10 21:53:15 INFO  - Reading parms.txt file
 2018-12-10 21:53:17 INFO  - Successfully ping'd NAS
 2018-12-10 21:53:42 INFO  - --------------------
 2018-12-10 21:53:42 INFO  - Starting up.
 2018-12-10 21:53:42 INFO  - Reading parms.txt file
 2018-12-10 21:53:44 INFO  - Successfully ping'd NAS
 2018-12-10 21:55:25 INFO  - --------------------
 2018-12-10 21:55:25 INFO  - Starting up.
 2018-12-10 21:55:25 INFO  - Reading parms.txt file
 2018-12-10 21:55:26 INFO  - Successfully ping'd NAS
 2018-12-10 21:56:03 INFO  - --------------------
 2018-12-10 21:56:03 INFO  - Starting up.
 2018-12-10 21:56:03 INFO  - Reading parms.txt file
 2018-12-10 21:56:03 INFO  - Successfully ping'd NAS
 2018-12-10 21:56:03 INFO  - Processing override found, ending.
 2018-12-10 21:56:03 INFO  - --------------------
 