2018-11-29 21:23:38 INFO  - --------------------
 2018-11-29 21:23:38 INFO  - Starting up.
 2018-11-29 21:23:38 INFO  - Reading parms.txt file
 2018-11-29 21:23:38 INFO  - Successfully ping'd NAS
 2018-11-29 21:23:38 INFO  - Defaulting Venom.2018.1080p.WEBRip.x264-[YTS.AM].mp4 to a movie
 2018-11-29 21:23:38 INFO  - File in landing area already exists in target - should delete in future
 2018-11-29 21:23:38 ERROR - FileExistsException
 2018-11-29 21:23:38 INFO  - Copied Venom.2018.1080p.WEBRip.x264-[YTS.AM] to /home/sbf/nas/Movies/Venom.2018.1080p.WEBRip.x264-[YTS.AM]/Venom (2018) [WEBRip] [1080p] [YTS.AM]/Venom.2018.1080p.WEBRip.x264-[YTS.AM].mp4
 2018-11-29 21:23:38 INFO  - --------------------
 2018-11-29 22:21:06 INFO  - --------------------
 2018-11-29 22:21:06 INFO  - Starting up.
 2018-11-29 22:21:06 INFO  - Reading parms.txt file
 2018-11-29 22:21:06 INFO  - Successfully ping'd NAS
 2018-11-29 22:21:06 INFO  - Defaulting fresh.meat.s04e04.hdtv.x264-tla[ettv].mp4 to a movie
 2018-11-29 22:21:14 INFO  - Copied fresh.meat.s04e04.hdtv.x264-tla[ettv] to /home/sbf/nas/Movies/fresh.meat.s04e04.hdtv.x264-tla[ettv]/Fresh.Meat.S04E04.HDTV.x264-TLA[ettv]/fresh.meat.s04e04.hdtv.x264-tla[ettv].mp4
 2018-11-29 22:21:14 INFO  - --------------------
 2018-11-29 22:22:16 INFO  - --------------------
 2018-11-29 22:22:16 INFO  - Starting up.
 2018-11-29 22:22:16 INFO  - Reading parms.txt file
 2018-11-29 22:22:24 INFO  - Successfully ping'd NAS
 2018-11-29 22:22:24 INFO  - --------------------
 2018-11-29 22:23:55 INFO  - --------------------
 2018-11-29 22:23:55 INFO  - Starting up.
 2018-11-29 22:23:55 INFO  - Reading parms.txt file
 2018-11-29 22:23:55 INFO  - Successfully ping'd NAS
 2018-11-29 22:23:55 INFO  - --------------------
 2018-11-29 22:25:00 INFO  - --------------------
 2018-11-29 22:25:00 INFO  - Starting up.
 2018-11-29 22:25:00 INFO  - Reading parms.txt file
 2018-11-29 22:25:00 INFO  - Successfully ping'd NAS
 2018-11-29 22:25:00 INFO  - Defaulting fresh.meat.s04e04.hdtv.x264-tla[ettv].mp4 to a movie
 2018-11-29 22:25:00 INFO  - Copied fresh.meat.s04e04.hdtv.x264-tla[ettv] to /home/sbf/nas/Movies/fresh.meat.s04e04.hdtv.x264-tla[ettv]/Fresh.Meat.S04E04.HDTV.x264-TLA[ettv]/fresh.meat.s04e04.hdtv.x264-tla[ettv].mp4
 2018-11-29 22:25:00 INFO  - --------------------
 2018-11-29 22:25:25 INFO  - --------------------
 2018-11-29 22:25:25 INFO  - Starting up.
 2018-11-29 22:25:25 INFO  - Reading parms.txt file
 2018-11-29 22:25:26 INFO  - Successfully ping'd NAS
 2018-11-29 22:26:28 INFO  - --------------------
 2018-11-29 22:26:28 INFO  - Starting up.
 2018-11-29 22:26:28 INFO  - Reading parms.txt file
 2018-11-29 22:26:29 INFO  - Successfully ping'd NAS
 2018-11-29 22:26:35 INFO  - FRESH MEAT Is a TV show
 2018-11-29 22:26:41 INFO  - Copied fresh.meat.s04e04.hdtv.x264-tla[ettv] to /home/sbf/nas/Television/fresh.meat.s04e04.hdtv.x264-tla[ettv]/Fresh.Meat.S04E04.HDTV.x264-TLA[ettv]/fresh.meat.s04e04.hdtv.x264-tla[ettv].mp4
 2018-11-29 22:26:42 INFO  - --------------------
 2018-11-29 22:29:22 INFO  - --------------------
 2018-11-29 22:29:22 INFO  - Starting up.
 2018-11-29 22:29:22 INFO  - Reading parms.txt file
 2018-11-29 22:29:22 INFO  - Successfully ping'd NAS
 2018-11-29 22:29:23 INFO  - FRESH MEAT Is a TV show
 2018-11-29 22:29:23 INFO  - Copied fresh.meat.s04e04.hdtv.x264-tla[ettv] to /home/sbf/nas/Television/fresh.meat.s04e04.hdtv.x264-tla[ettv]/Fresh.Meat.S04E04.HDTV.x264-TLA[ettv]/fresh.meat.s04e04.hdtv.x264-tla[ettv].mp4
 2018-11-29 22:29:23 INFO  - --------------------
 